<?xml version="1.0" encoding="UTF-8"?>
<testng-results ignored="0" total="2" passed="2" failed="0" skipped="0">
  <reporter-output>
  </reporter-output>
  <suite started-at="2023-02-26T15:28:33 IST" name="Default suite" finished-at="2023-02-26T15:29:06 IST" duration-ms="32585">
    <groups>
    </groups>
    <test started-at="2023-02-26T15:28:33 IST" name="Default test" finished-at="2023-02-26T15:29:06 IST" duration-ms="32585">
      <class name="seleniumframework.NewTestNGPractice">
        <test-method signature="TestGoogle()[pri:0, instance:seleniumframework.NewTestNGPractice@2b91004a]" started-at="2023-02-26T15:28:33 IST" name="TestGoogle" finished-at="2023-02-26T15:28:51 IST" duration-ms="17819" status="PASS">
          <reporter-output>
          </reporter-output>
        </test-method> <!-- TestGoogle -->
        <test-method signature="Testfacebook()[pri:0, instance:seleniumframework.NewTestNGPractice@2b91004a]" started-at="2023-02-26T15:28:51 IST" name="Testfacebook" finished-at="2023-02-26T15:29:06 IST" duration-ms="14699" status="PASS">
          <reporter-output>
          </reporter-output>
        </test-method> <!-- Testfacebook -->
      </class> <!-- seleniumframework.NewTestNGPractice -->
    </test> <!-- Default test -->
  </suite> <!-- Default suite -->
</testng-results>
